<?xml version="1.0" encoding="UTF-8"?>
<!-- Generated by org.testng.reporters.JUnitReportReporter -->
<testsuite skipped="0" hostname="Kishore-Kumar" name="demo.actitime.timetrack.Demo" tests="1" failures="0" timestamp="2020-08-06T12:23:26 IST" time="0.028" errors="0">
  <testcase name="runTest" time="0.028" classname="demo.actitime.timetrack.Demo"/>
  <system-out>
Successfully Running  </system-out>
</testsuite> <!-- demo.actitime.timetrack.Demo -->
